<?xml version="1.0" encoding="UTF-8"?>
<!-- Generated by org.testng.reporters.JUnitReportReporter -->
<testsuite skipped="0" hostname="LAPTOP-VUKRU3VR" name="com.testcases.loginPagetc" tests="3" failures="0" timestamp="12 Jun 2020 20:17:14 GMT" time="24.119" errors="0">
  <testcase name="logoutApp" time="8.308" classname="com.testcases.loginPagetc"/>
  <testcase name="logintoApp" time="8.281" classname="com.testcases.loginPagetc"/>
  <testcase name="invalidlog" time="7.530" classname="com.testcases.loginPagetc"/>
</testsuite> <!-- com.testcases.loginPagetc -->
