<?xml version="1.0" encoding="UTF-8"?>
<!-- Generated by org.testng.reporters.JUnitReportReporter -->
<testsuite hostname="LAPTOP-VUKRU3VR" name="com.testcases.loginPagetc" tests="3" failures="0" timestamp="16 Jun 2020 05:51:02 GMT" time="25.028" errors="0">
  <testcase name="logintoApp" time="8.592" classname="com.testcases.loginPagetc"/>
  <testcase name="invalidlog" time="7.867" classname="com.testcases.loginPagetc"/>
  <testcase name="logoutApp" time="8.569" classname="com.testcases.loginPagetc"/>
</testsuite> <!-- com.testcases.loginPagetc -->
