<?xml version="1.0" encoding="UTF-8"?>
<!-- Generated by org.testng.reporters.JUnitReportReporter -->
<testsuite hostname="LAPTOP-VUKRU3VR" name="com.testcases.calculatorTc" tests="1" failures="0" timestamp="16 Jun 2020 05:51:02 GMT" time="2.130" errors="0">
  <testcase name="calculatorAdd" time="2.130" classname="com.testcases.calculatorTc"/>
</testsuite> <!-- com.testcases.calculatorTc -->
