<?xml version="1.0" encoding="UTF-8"?>
<!-- Generated by org.testng.reporters.JUnitReportReporter -->
<testsuite hostname="LAPTOP-VUKRU3VR" name="com.testcases.alertPagetc" tests="1" failures="0" timestamp="16 Jun 2020 05:51:02 GMT" time="1.852" errors="0">
  <testcase name="windowAlert" time="1.852" classname="com.testcases.alertPagetc"/>
</testsuite> <!-- com.testcases.alertPagetc -->
