<?xml version="1.0" encoding="UTF-8"?>
<!-- Generated by org.testng.reporters.JUnitReportReporter -->
<testsuite skipped="0" hostname="LAPTOP-VUKRU3VR" name="com.testcases.calculatorTc" tests="1" failures="0" timestamp="12 Jun 2020 20:17:14 GMT" time="2.400" errors="0">
  <testcase name="calculatorAdd" time="2.400" classname="com.testcases.calculatorTc"/>
</testsuite> <!-- com.testcases.calculatorTc -->
